#
# There is insufficient memory for the Java Runtime Environment to continue.
# Native memory allocation (malloc) failed to allocate 1048576 bytes for AllocateHeap
# Possible reasons:
#   The system is out of physical RAM or swap space
#   In 32 bit mode, the process size limit was hit
# Possible solutions:
#   Reduce memory load on the system
#   Increase physical memory or swap space
#   Check if swap backing store is full
#   Use 64 bit Java on a 64 bit OS
#   Decrease Java heap size (-Xmx/-Xms)
#   Decrease number of Java threads
#   Decrease Java thread stack sizes (-Xss)
#   Set larger code cache with -XX:ReservedCodeCacheSize=
# This output file may be truncated or incomplete.
#
#  Out of Memory Error (memory/allocation.inline.hpp:61), pid=17180, tid=23188
#
# JRE version:  (8.0_45-b15) (build )
# Java VM: Java HotSpot(TM) 64-Bit Server VM (25.45-b02 mixed mode windows-amd64 compressed oops)
# Failed to write core dump. Minidumps are not enabled by default on client versions of Windows
#

---------------  T H R E A D  ---------------

Current thread (0x000000000240e000):  JavaThread "Unknown thread" [_thread_in_vm, id=23188, stack(0x00000000020b0000,0x00000000021b0000)]

Stack: [0x00000000020b0000,0x00000000021b0000]
Native frames: (J=compiled Java code, j=interpreted, Vv=VM code, C=native code)
V  [jvm.dll+0x32b57a]
V  [jvm.dll+0x279873]
V  [jvm.dll+0x27a509]
V  [jvm.dll+0x271825]
V  [jvm.dll+0x1606]
V  [jvm.dll+0x3c08c2]
V  [jvm.dll+0x3eecb2]
V  [jvm.dll+0x3ef1bc]
V  [jvm.dll+0x3ea7a7]
V  [jvm.dll+0xf2cf2]
V  [jvm.dll+0x20f0c9]
V  [jvm.dll+0x240e0a]
V  [jvm.dll+0x15ba41]
C  [javaw.exe+0x217e]
C  [javaw.exe+0xcd17]
C  [javaw.exe+0xcdab]
C  [KERNEL32.DLL+0x18102]
C  [ntdll.dll+0x5c5b4]


---------------  P R O C E S S  ---------------

Java Threads: ( => current thread )

Other Threads:

=>0x000000000240e000 (exited) JavaThread "Unknown thread" [_thread_in_vm, id=23188, stack(0x00000000020b0000,0x00000000021b0000)]

VM state:not at safepoint (normal execution)

VM Mutex/Monitor currently owned by a thread: None

Heap:
 PSYoungGen      total 38400K, used 665K [0x00000000d5e00000, 0x00000000d8880000, 0x0000000100000000)
  eden space 33280K, 2% used [0x00000000d5e00000,0x00000000d5ea6670,0x00000000d7e80000)
  from space 5120K, 0% used [0x00000000d8380000,0x00000000d8380000,0x00000000d8880000)
  to   space 5120K, 0% used [0x00000000d7e80000,0x00000000d7e80000,0x00000000d8380000)
 ParOldGen       total 87552K, used 0K [0x0000000081a00000, 0x0000000086f80000, 0x00000000d5e00000)
  object space 87552K, 0% used [0x0000000081a00000,0x0000000081a00000,0x0000000086f80000)
 Metaspace       used 766K, capacity 4480K, committed 4480K, reserved 1056768K
  class space    used 75K, capacity 384K, committed 384K, reserved 1048576K

Card table byte_map: [0x00000000117d0000,0x0000000011bd0000] byte_map_base: 0x00000000113c3000

Marking Bits: (ParMarkBitMap*) 0x0000000063424040
 Begin Bits: [0x0000000012680000, 0x0000000014618000)
 End Bits:   [0x0000000014618000, 0x00000000165b0000)

Polling page: 0x0000000000540000

CodeCache: size=245760Kb used=328Kb max_used=328Kb free=245431Kb
 bounds [0x0000000002410000, 0x0000000002680000, 0x0000000011410000]
 total_blobs=57 nmethods=0 adapters=37
 compilation: enabled

Compilation events (0 events):
No events

GC Heap History (0 events):
No events

Deoptimization events (0 events):
No events

Internal exceptions (0 events):
No events

Events (10 events):
Event: 0.222 loading class java/lang/Short
Event: 0.223 loading class java/lang/Short done
Event: 0.223 loading class java/lang/Integer
Event: 0.223 loading class java/lang/Integer done
Event: 0.223 loading class java/lang/Long
Event: 0.223 loading class java/lang/Long done
Event: 0.223 loading class java/lang/NullPointerException
Event: 0.224 loading class java/lang/NullPointerException done
Event: 0.224 loading class java/lang/ArithmeticException
Event: 0.224 loading class java/lang/ArithmeticException done


Dynamic libraries:
0x00007ff6a8590000 - 0x00007ff6a85c7000 	C:\Program Files\Java\jdk1.8.0_45\bin\javaw.exe
0x00007ff8e26c0000 - 0x00007ff8e2881000 	C:\WINDOWS\SYSTEM32\ntdll.dll
0x00007ff8e0800000 - 0x00007ff8e08ad000 	C:\WINDOWS\system32\KERNEL32.DLL
0x00007ff8def80000 - 0x00007ff8df168000 	C:\WINDOWS\system32\KERNELBASE.dll
0x00007ff8e0320000 - 0x00007ff8e03c7000 	C:\WINDOWS\system32\ADVAPI32.dll
0x00007ff8dfac0000 - 0x00007ff8dfb5d000 	C:\WINDOWS\system32\msvcrt.dll
0x00007ff8e02c0000 - 0x00007ff8e031b000 	C:\WINDOWS\system32\sechost.dll
0x00007ff8dfed0000 - 0x00007ff8dffec000 	C:\WINDOWS\system32\RPCRT4.dll
0x00007ff8e0b50000 - 0x00007ff8e0ca6000 	C:\WINDOWS\system32\USER32.dll
0x00007ff8dfbd0000 - 0x00007ff8dfd56000 	C:\WINDOWS\system32\GDI32.dll
0x00007ff8d7be0000 - 0x00007ff8d7e54000 	C:\WINDOWS\WinSxS\amd64_microsoft.windows.common-controls_6595b64144ccf1df_6.0.10586.0_none_8c15ae12515e1c22\COMCTL32.dll
0x00007ff8e2210000 - 0x00007ff8e248d000 	C:\WINDOWS\system32\combase.dll
0x00007ff8df880000 - 0x00007ff8df8ea000 	C:\WINDOWS\system32\bcryptPrimitives.dll
0x00007ff8dfe90000 - 0x00007ff8dfecb000 	C:\WINDOWS\system32\IMM32.DLL
0x00000000634b0000 - 0x0000000063582000 	C:\Program Files\Java\jdk1.8.0_45\jre\bin\msvcr100.dll
0x0000000062c20000 - 0x00000000634a3000 	C:\Program Files\Java\jdk1.8.0_45\jre\bin\server\jvm.dll
0x00007ff8e08b0000 - 0x00007ff8e08b8000 	C:\WINDOWS\system32\PSAPI.DLL
0x00007ff8db910000 - 0x00007ff8db919000 	C:\WINDOWS\SYSTEM32\WSOCK32.dll
0x00007ff8dcfb0000 - 0x00007ff8dcfd3000 	C:\WINDOWS\SYSTEM32\WINMM.dll
0x00007ff8d7f30000 - 0x00007ff8d7f3a000 	C:\WINDOWS\SYSTEM32\VERSION.dll
0x00007ff8e2490000 - 0x00007ff8e24fb000 	C:\WINDOWS\system32\WS2_32.dll
0x00007ff8dcf50000 - 0x00007ff8dcf7c000 	C:\WINDOWS\SYSTEM32\WINMMBASE.dll
0x00007ff8dedd0000 - 0x00007ff8dee13000 	C:\WINDOWS\system32\cfgmgr32.dll
0x00000000644e0000 - 0x00000000644ef000 	C:\Program Files\Java\jdk1.8.0_45\jre\bin\verify.dll
0x00000000644b0000 - 0x00000000644d9000 	C:\Program Files\Java\jdk1.8.0_45\jre\bin\java.dll
0x0000000064490000 - 0x00000000644a6000 	C:\Program Files\Java\jdk1.8.0_45\jre\bin\zip.dll
0x00007ff8da920000 - 0x00007ff8daaac000 	C:\WINDOWS\SYSTEM32\dbghelp.dll

VM Arguments:
jvm_args: -Dfile.encoding=Cp1256 
java_command: dragonball.controller.WorldMap
java_class_path (initial): C:\Users\Ahmed\Documents\Eclpise Work Space\DragonBall-M4AbdelrahmanEdition\bin;C:\Users\Ahmed\Files\Coding\IDE\Java\IDE\Eclipse\plugins\org.junit_4.12.0.v201504281640\junit.jar;C:\Users\Ahmed\Files\Coding\IDE\Java\IDE\Eclipse\plugins\org.hamcrest.core_1.3.0.v201303031735.jar
Launcher Type: SUN_STANDARD

Environment Variables:
USERNAME=Ahmed
OS=Windows_NT
PROCESSOR_IDENTIFIER=Intel64 Family 6 Model 58 Stepping 9, GenuineIntel



---------------  S Y S T E M  ---------------

OS: Windows 10.0 , 64 bit Build 10586 (10.0.10586.0)

CPU:total 8 (4 cores per cpu, 2 threads per core) family 6 model 58 stepping 9, cmov, cx8, fxsr, mmx, sse, sse2, sse3, ssse3, sse4.1, sse4.2, popcnt, avx, aes, clmul, erms, ht, tsc, tscinvbit, tscinv

Memory: 4k page, physical 8274588k(1780280k free), swap 33440412k(6292k free)

vm_info: Java HotSpot(TM) 64-Bit Server VM (25.45-b02) for windows-amd64 JRE (1.8.0_45-b15), built on Apr 30 2015 12:40:44 by "java_re" with MS VC++ 10.0 (VS2010)

time: Thu Apr 21 14:08:39 2016
elapsed time: 0 seconds (0d 0h 0m 0s)

